<?xml version="1.0" encoding="UTF-8"?>
<testsuite name="unittest.loader._FailedTest-20260418175256" tests="1" file="unittest/loader.py" time="0.002" timestamp="2026-04-18T17:52:56" failures="0" errors="1" skipped="0">
	<testcase classname="unittest.loader._FailedTest" name="test_register_project_tests" time="0.002" timestamp="2026-04-18T17:52:56">
		<error type="ImportError" message="Failed to import test module: test_register_project_tests&#10;Traceback (most recent call last):&#10;  File &quot;/Library/Frameworks/Python.framework/Versions/3.13/lib/python3.13/unittest/loader.py&quot;, line 137, in loadTestsFromName&#10;    module = __import__(module_name)&#10;  File &quot;/Users/linusmunn/PycharmProjects/G87.2026.T15.GE2b/src/unittest/python/test_register_project_tests.py&quot;, line 4, in &lt;module&gt;&#10;    from uc3m_consulting import EnterpriseManager, EnterpriseManagementException&#10;  File &quot;/Users/linusmunn/PycharmProjects/G87.2026.T15.GE2b/src/main/python/uc3m_consulting/__init__.py&quot;, line 4, in &lt;module&gt;&#10;    from .enterprise_manager import EnterpriseManager&#10;  File &quot;/Users/linusmunn/PycharmProjects/G87.2026.T15.GE2b/src/main/python/uc3m_consulting/enterprise_manager.py&quot;, line 2, in &lt;module&gt;&#10;    from uc3m_consulting import EnterpriseManagementException&#10;ImportError: cannot import name 'EnterpriseManagementException' from partially initialized module 'uc3m_consulting' (most likely due to a circular import) (/Users/linusmunn/PycharmProjects/G87.2026.T15.GE2b/src/main/python/uc3m_consulting/__init__.py)&#10;"><![CDATA[Traceback (most recent call last):
  File "/Library/Frameworks/Python.framework/Versions/3.13/lib/python3.13/unittest/case.py", line 58, in testPartExecutor
    yield
  File "/Library/Frameworks/Python.framework/Versions/3.13/lib/python3.13/unittest/case.py", line 651, in run
    self._callTestMethod(testMethod)
    
  File "/Library/Frameworks/Python.framework/Versions/3.13/lib/python3.13/unittest/case.py", line 606, in _callTestMethod
    if method() is not None:
    ^^^^^^^^^^^^^^^
  File "/Library/Frameworks/Python.framework/Versions/3.13/lib/python3.13/unittest/loader.py", line 33, in testFailure
    raise self._exception
    ^^^^^^^^^^^
ImportError: Failed to import test module: test_register_project_tests
Traceback (most recent call last):
  File "/Library/Frameworks/Python.framework/Versions/3.13/lib/python3.13/unittest/loader.py", line 137, in loadTestsFromName
    module = __import__(module_name)
  File "/Users/linusmunn/PycharmProjects/G87.2026.T15.GE2b/src/unittest/python/test_register_project_tests.py", line 4, in <module>
    from uc3m_consulting import EnterpriseManager, EnterpriseManagementException
  File "/Users/linusmunn/PycharmProjects/G87.2026.T15.GE2b/src/main/python/uc3m_consulting/__init__.py", line 4, in <module>
    from .enterprise_manager import EnterpriseManager
  File "/Users/linusmunn/PycharmProjects/G87.2026.T15.GE2b/src/main/python/uc3m_consulting/enterprise_manager.py", line 2, in <module>
    from uc3m_consulting import EnterpriseManagementException
ImportError: cannot import name 'EnterpriseManagementException' from partially initialized module 'uc3m_consulting' (most likely due to a circular import) (/Users/linusmunn/PycharmProjects/G87.2026.T15.GE2b/src/main/python/uc3m_consulting/__init__.py)

]]></error>
	</testcase>
</testsuite>
