<?xml version="1.0" encoding="UTF-8"?>
<testsuite name="test_register_project_tests.TestRegisterProject-20260422183146" tests="77" file="test_register_project_tests.py" time="0.057" timestamp="2026-04-22T18:31:46" failures="0" errors="0" skipped="0">
	<testcase classname="test_register_project_tests.TestRegisterProject" name="test_tc_1" time="0.014" timestamp="2026-04-22T18:31:46"/>
	<testcase classname="test_register_project_tests.TestRegisterProject" name="test_tc_10" time="0.001" timestamp="2026-04-22T18:31:46"/>
	<testcase classname="test_register_project_tests.TestRegisterProject" name="test_tc_11" time="0.001" timestamp="2026-04-22T18:31:46"/>
	<testcase classname="test_register_project_tests.TestRegisterProject" name="test_tc_12" time="0.001" timestamp="2026-04-22T18:31:46"/>
	<testcase classname="test_register_project_tests.TestRegisterProject" name="test_tc_13" time="0.001" timestamp="2026-04-22T18:31:46"/>
	<testcase classname="test_register_project_tests.TestRegisterProject" name="test_tc_14" time="0.000" timestamp="2026-04-22T18:31:46"/>
	<testcase classname="test_register_project_tests.TestRegisterProject" name="test_tc_15" time="0.001" timestamp="2026-04-22T18:31:46"/>
	<testcase classname="test_register_project_tests.TestRegisterProject" name="test_tc_16" time="0.000" timestamp="2026-04-22T18:31:46"/>
	<testcase classname="test_register_project_tests.TestRegisterProject" name="test_tc_17" time="0.000" timestamp="2026-04-22T18:31:46"/>
	<testcase classname="test_register_project_tests.TestRegisterProject" name="test_tc_18" time="0.000" timestamp="2026-04-22T18:31:46"/>
	<testcase classname="test_register_project_tests.TestRegisterProject" name="test_tc_19" time="0.000" timestamp="2026-04-22T18:31:46"/>
	<testcase classname="test_register_project_tests.TestRegisterProject" name="test_tc_2" time="0.003" timestamp="2026-04-22T18:31:46"/>
	<testcase classname="test_register_project_tests.TestRegisterProject" name="test_tc_20" time="0.001" timestamp="2026-04-22T18:31:46"/>
	<testcase classname="test_register_project_tests.TestRegisterProject" name="test_tc_21" time="0.001" timestamp="2026-04-22T18:31:46"/>
	<testcase classname="test_register_project_tests.TestRegisterProject" name="test_tc_22" time="0.000" timestamp="2026-04-22T18:31:46"/>
	<testcase classname="test_register_project_tests.TestRegisterProject" name="test_tc_23" time="0.001" timestamp="2026-04-22T18:31:46"/>
	<testcase classname="test_register_project_tests.TestRegisterProject" name="test_tc_24" time="0.000" timestamp="2026-04-22T18:31:46"/>
	<testcase classname="test_register_project_tests.TestRegisterProject" name="test_tc_25" time="0.000" timestamp="2026-04-22T18:31:46"/>
	<testcase classname="test_register_project_tests.TestRegisterProject" name="test_tc_26" time="0.000" timestamp="2026-04-22T18:31:46"/>
	<testcase classname="test_register_project_tests.TestRegisterProject" name="test_tc_27" time="0.000" timestamp="2026-04-22T18:31:46"/>
	<testcase classname="test_register_project_tests.TestRegisterProject" name="test_tc_28" time="0.001" timestamp="2026-04-22T18:31:46"/>
	<testcase classname="test_register_project_tests.TestRegisterProject" name="test_tc_29" time="0.000" timestamp="2026-04-22T18:31:46"/>
	<testcase classname="test_register_project_tests.TestRegisterProject" name="test_tc_3" time="0.003" timestamp="2026-04-22T18:31:46"/>
	<testcase classname="test_register_project_tests.TestRegisterProject" name="test_tc_30" time="0.001" timestamp="2026-04-22T18:31:46"/>
	<testcase classname="test_register_project_tests.TestRegisterProject" name="test_tc_31" time="0.000" timestamp="2026-04-22T18:31:46"/>
	<testcase classname="test_register_project_tests.TestRegisterProject" name="test_tc_32" time="0.000" timestamp="2026-04-22T18:31:46"/>
	<testcase classname="test_register_project_tests.TestRegisterProject" name="test_tc_33" time="0.000" timestamp="2026-04-22T18:31:46"/>
	<testcase classname="test_register_project_tests.TestRegisterProject" name="test_tc_34" time="0.000" timestamp="2026-04-22T18:31:46"/>
	<testcase classname="test_register_project_tests.TestRegisterProject" name="test_tc_35" time="0.000" timestamp="2026-04-22T18:31:46"/>
	<testcase classname="test_register_project_tests.TestRegisterProject" name="test_tc_36" time="0.000" timestamp="2026-04-22T18:31:46"/>
	<testcase classname="test_register_project_tests.TestRegisterProject" name="test_tc_37" time="0.000" timestamp="2026-04-22T18:31:46"/>
	<testcase classname="test_register_project_tests.TestRegisterProject" name="test_tc_38" time="0.001" timestamp="2026-04-22T18:31:46"/>
	<testcase classname="test_register_project_tests.TestRegisterProject" name="test_tc_39" time="0.000" timestamp="2026-04-22T18:31:46"/>
	<testcase classname="test_register_project_tests.TestRegisterProject" name="test_tc_4" time="0.000" timestamp="2026-04-22T18:31:46"/>
	<testcase classname="test_register_project_tests.TestRegisterProject" name="test_tc_40" time="0.000" timestamp="2026-04-22T18:31:46"/>
	<testcase classname="test_register_project_tests.TestRegisterProject" name="test_tc_41" time="0.000" timestamp="2026-04-22T18:31:46"/>
	<testcase classname="test_register_project_tests.TestRegisterProject" name="test_tc_42" time="0.000" timestamp="2026-04-22T18:31:46"/>
	<testcase classname="test_register_project_tests.TestRegisterProject" name="test_tc_43" time="0.001" timestamp="2026-04-22T18:31:46"/>
	<testcase classname="test_register_project_tests.TestRegisterProject" name="test_tc_44" time="0.000" timestamp="2026-04-22T18:31:46"/>
	<testcase classname="test_register_project_tests.TestRegisterProject" name="test_tc_45" time="0.000" timestamp="2026-04-22T18:31:46"/>
	<testcase classname="test_register_project_tests.TestRegisterProject" name="test_tc_46" time="0.000" timestamp="2026-04-22T18:31:46"/>
	<testcase classname="test_register_project_tests.TestRegisterProject" name="test_tc_47" time="0.000" timestamp="2026-04-22T18:31:46"/>
	<testcase classname="test_register_project_tests.TestRegisterProject" name="test_tc_48" time="0.001" timestamp="2026-04-22T18:31:46"/>
	<testcase classname="test_register_project_tests.TestRegisterProject" name="test_tc_49" time="0.000" timestamp="2026-04-22T18:31:46"/>
	<testcase classname="test_register_project_tests.TestRegisterProject" name="test_tc_5" time="0.000" timestamp="2026-04-22T18:31:46"/>
	<testcase classname="test_register_project_tests.TestRegisterProject" name="test_tc_50" time="0.000" timestamp="2026-04-22T18:31:46"/>
	<testcase classname="test_register_project_tests.TestRegisterProject" name="test_tc_51" time="0.000" timestamp="2026-04-22T18:31:46"/>
	<testcase classname="test_register_project_tests.TestRegisterProject" name="test_tc_52" time="0.000" timestamp="2026-04-22T18:31:46"/>
	<testcase classname="test_register_project_tests.TestRegisterProject" name="test_tc_53" time="0.000" timestamp="2026-04-22T18:31:46"/>
	<testcase classname="test_register_project_tests.TestRegisterProject" name="test_tc_54" time="0.000" timestamp="2026-04-22T18:31:46"/>
	<testcase classname="test_register_project_tests.TestRegisterProject" name="test_tc_55" time="0.000" timestamp="2026-04-22T18:31:46"/>
	<testcase classname="test_register_project_tests.TestRegisterProject" name="test_tc_56" time="0.000" timestamp="2026-04-22T18:31:46"/>
	<testcase classname="test_register_project_tests.TestRegisterProject" name="test_tc_57" time="0.000" timestamp="2026-04-22T18:31:46"/>
	<testcase classname="test_register_project_tests.TestRegisterProject" name="test_tc_58" time="0.000" timestamp="2026-04-22T18:31:46"/>
	<testcase classname="test_register_project_tests.TestRegisterProject" name="test_tc_59" time="0.000" timestamp="2026-04-22T18:31:46"/>
	<testcase classname="test_register_project_tests.TestRegisterProject" name="test_tc_6" time="0.000" timestamp="2026-04-22T18:31:46"/>
	<testcase classname="test_register_project_tests.TestRegisterProject" name="test_tc_60" time="0.000" timestamp="2026-04-22T18:31:46"/>
	<testcase classname="test_register_project_tests.TestRegisterProject" name="test_tc_61" time="0.000" timestamp="2026-04-22T18:31:46"/>
	<testcase classname="test_register_project_tests.TestRegisterProject" name="test_tc_62" time="0.000" timestamp="2026-04-22T18:31:46"/>
	<testcase classname="test_register_project_tests.TestRegisterProject" name="test_tc_63" time="0.000" timestamp="2026-04-22T18:31:46"/>
	<testcase classname="test_register_project_tests.TestRegisterProject" name="test_tc_64" time="0.000" timestamp="2026-04-22T18:31:46"/>
	<testcase classname="test_register_project_tests.TestRegisterProject" name="test_tc_65" time="0.001" timestamp="2026-04-22T18:31:46"/>
	<testcase classname="test_register_project_tests.TestRegisterProject" name="test_tc_66" time="0.000" timestamp="2026-04-22T18:31:46"/>
	<testcase classname="test_register_project_tests.TestRegisterProject" name="test_tc_67" time="0.000" timestamp="2026-04-22T18:31:46"/>
	<testcase classname="test_register_project_tests.TestRegisterProject" name="test_tc_68" time="0.001" timestamp="2026-04-22T18:31:46"/>
	<testcase classname="test_register_project_tests.TestRegisterProject" name="test_tc_69" time="0.000" timestamp="2026-04-22T18:31:46"/>
	<testcase classname="test_register_project_tests.TestRegisterProject" name="test_tc_7" time="0.000" timestamp="2026-04-22T18:31:46"/>
	<testcase classname="test_register_project_tests.TestRegisterProject" name="test_tc_70" time="0.003" timestamp="2026-04-22T18:31:46"/>
	<testcase classname="test_register_project_tests.TestRegisterProject" name="test_tc_71" time="0.000" timestamp="2026-04-22T18:31:46"/>
	<testcase classname="test_register_project_tests.TestRegisterProject" name="test_tc_72" time="0.000" timestamp="2026-04-22T18:31:46"/>
	<testcase classname="test_register_project_tests.TestRegisterProject" name="test_tc_73" time="0.000" timestamp="2026-04-22T18:31:46"/>
	<testcase classname="test_register_project_tests.TestRegisterProject" name="test_tc_74" time="0.000" timestamp="2026-04-22T18:31:46"/>
	<testcase classname="test_register_project_tests.TestRegisterProject" name="test_tc_75" time="0.000" timestamp="2026-04-22T18:31:46"/>
	<testcase classname="test_register_project_tests.TestRegisterProject" name="test_tc_76" time="0.000" timestamp="2026-04-22T18:31:46"/>
	<testcase classname="test_register_project_tests.TestRegisterProject" name="test_tc_77" time="0.000" timestamp="2026-04-22T18:31:46"/>
	<testcase classname="test_register_project_tests.TestRegisterProject" name="test_tc_8" time="0.000" timestamp="2026-04-22T18:31:46"/>
	<testcase classname="test_register_project_tests.TestRegisterProject" name="test_tc_9" time="0.000" timestamp="2026-04-22T18:31:46"/>
</testsuite>
