<?xml version="1.0" encoding="UTF-8"?>
<testsuite name="test_register_project_tests.TestRegisterProject-20260418180205" tests="69" file="test_register_project_tests.py" time="0.031" timestamp="2026-04-18T18:02:05" failures="0" errors="3" skipped="0">
	<testcase classname="test_register_project_tests.TestRegisterProject" name="test_TC48" time="0.001" timestamp="2026-04-18T18:02:05"/>
	<testcase classname="test_register_project_tests.TestRegisterProject" name="test_TC49" time="0.000" timestamp="2026-04-18T18:02:05"/>
	<testcase classname="test_register_project_tests.TestRegisterProject" name="test_TC50" time="0.000" timestamp="2026-04-18T18:02:05"/>
	<testcase classname="test_register_project_tests.TestRegisterProject" name="test_TC51" time="0.000" timestamp="2026-04-18T18:02:05"/>
	<testcase classname="test_register_project_tests.TestRegisterProject" name="test_TC52" time="0.000" timestamp="2026-04-18T18:02:05"/>
	<testcase classname="test_register_project_tests.TestRegisterProject" name="test_TC53" time="0.000" timestamp="2026-04-18T18:02:05"/>
	<testcase classname="test_register_project_tests.TestRegisterProject" name="test_TC54" time="0.000" timestamp="2026-04-18T18:02:05"/>
	<testcase classname="test_register_project_tests.TestRegisterProject" name="test_TC55" time="0.000" timestamp="2026-04-18T18:02:05"/>
	<testcase classname="test_register_project_tests.TestRegisterProject" name="test_TC56" time="0.000" timestamp="2026-04-18T18:02:05"/>
	<testcase classname="test_register_project_tests.TestRegisterProject" name="test_TC57" time="0.000" timestamp="2026-04-18T18:02:05"/>
	<testcase classname="test_register_project_tests.TestRegisterProject" name="test_TC58" time="0.000" timestamp="2026-04-18T18:02:05"/>
	<testcase classname="test_register_project_tests.TestRegisterProject" name="test_TC59" time="0.000" timestamp="2026-04-18T18:02:05"/>
	<testcase classname="test_register_project_tests.TestRegisterProject" name="test_TC60" time="0.000" timestamp="2026-04-18T18:02:05"/>
	<testcase classname="test_register_project_tests.TestRegisterProject" name="test_TC61" time="0.000" timestamp="2026-04-18T18:02:05"/>
	<testcase classname="test_register_project_tests.TestRegisterProject" name="test_TC62" time="0.000" timestamp="2026-04-18T18:02:05"/>
	<testcase classname="test_register_project_tests.TestRegisterProject" name="test_TC63" time="0.000" timestamp="2026-04-18T18:02:05"/>
	<testcase classname="test_register_project_tests.TestRegisterProject" name="test_TC64" time="0.000" timestamp="2026-04-18T18:02:05"/>
	<testcase classname="test_register_project_tests.TestRegisterProject" name="test_TC65" time="0.000" timestamp="2026-04-18T18:02:05"/>
	<testcase classname="test_register_project_tests.TestRegisterProject" name="test_TC66" time="0.000" timestamp="2026-04-18T18:02:05"/>
	<testcase classname="test_register_project_tests.TestRegisterProject" name="test_TC67" time="0.000" timestamp="2026-04-18T18:02:05"/>
	<testcase classname="test_register_project_tests.TestRegisterProject" name="test_TC68" time="0.000" timestamp="2026-04-18T18:02:05"/>
	<testcase classname="test_register_project_tests.TestRegisterProject" name="test_TC69" time="0.000" timestamp="2026-04-18T18:02:05"/>
	<testcase classname="test_register_project_tests.TestRegisterProject" name="test_tc_10" time="0.000" timestamp="2026-04-18T18:02:05"/>
	<testcase classname="test_register_project_tests.TestRegisterProject" name="test_tc_11" time="0.000" timestamp="2026-04-18T18:02:05"/>
	<testcase classname="test_register_project_tests.TestRegisterProject" name="test_tc_12" time="0.000" timestamp="2026-04-18T18:02:05"/>
	<testcase classname="test_register_project_tests.TestRegisterProject" name="test_tc_13" time="0.000" timestamp="2026-04-18T18:02:05"/>
	<testcase classname="test_register_project_tests.TestRegisterProject" name="test_tc_14" time="0.000" timestamp="2026-04-18T18:02:05"/>
	<testcase classname="test_register_project_tests.TestRegisterProject" name="test_tc_15" time="0.000" timestamp="2026-04-18T18:02:05"/>
	<testcase classname="test_register_project_tests.TestRegisterProject" name="test_tc_16" time="0.000" timestamp="2026-04-18T18:02:05"/>
	<testcase classname="test_register_project_tests.TestRegisterProject" name="test_tc_17" time="0.000" timestamp="2026-04-18T18:02:05"/>
	<testcase classname="test_register_project_tests.TestRegisterProject" name="test_tc_18" time="0.000" timestamp="2026-04-18T18:02:05"/>
	<testcase classname="test_register_project_tests.TestRegisterProject" name="test_tc_19" time="0.000" timestamp="2026-04-18T18:02:05"/>
	<testcase classname="test_register_project_tests.TestRegisterProject" name="test_tc_20" time="0.000" timestamp="2026-04-18T18:02:05"/>
	<testcase classname="test_register_project_tests.TestRegisterProject" name="test_tc_21" time="0.000" timestamp="2026-04-18T18:02:05"/>
	<testcase classname="test_register_project_tests.TestRegisterProject" name="test_tc_22" time="0.000" timestamp="2026-04-18T18:02:05"/>
	<testcase classname="test_register_project_tests.TestRegisterProject" name="test_tc_23" time="0.000" timestamp="2026-04-18T18:02:05"/>
	<testcase classname="test_register_project_tests.TestRegisterProject" name="test_tc_24" time="0.000" timestamp="2026-04-18T18:02:05"/>
	<testcase classname="test_register_project_tests.TestRegisterProject" name="test_tc_25" time="0.000" timestamp="2026-04-18T18:02:05"/>
	<testcase classname="test_register_project_tests.TestRegisterProject" name="test_tc_26" time="0.000" timestamp="2026-04-18T18:02:05"/>
	<testcase classname="test_register_project_tests.TestRegisterProject" name="test_tc_27" time="0.000" timestamp="2026-04-18T18:02:05"/>
	<testcase classname="test_register_project_tests.TestRegisterProject" name="test_tc_28" time="0.000" timestamp="2026-04-18T18:02:05"/>
	<testcase classname="test_register_project_tests.TestRegisterProject" name="test_tc_29" time="0.000" timestamp="2026-04-18T18:02:05"/>
	<testcase classname="test_register_project_tests.TestRegisterProject" name="test_tc_30" time="0.000" timestamp="2026-04-18T18:02:05"/>
	<testcase classname="test_register_project_tests.TestRegisterProject" name="test_tc_31" time="0.000" timestamp="2026-04-18T18:02:05"/>
	<testcase classname="test_register_project_tests.TestRegisterProject" name="test_tc_32" time="0.000" timestamp="2026-04-18T18:02:05"/>
	<testcase classname="test_register_project_tests.TestRegisterProject" name="test_tc_33" time="0.000" timestamp="2026-04-18T18:02:05"/>
	<testcase classname="test_register_project_tests.TestRegisterProject" name="test_tc_34" time="0.000" timestamp="2026-04-18T18:02:05"/>
	<testcase classname="test_register_project_tests.TestRegisterProject" name="test_tc_35" time="0.000" timestamp="2026-04-18T18:02:05"/>
	<testcase classname="test_register_project_tests.TestRegisterProject" name="test_tc_36" time="0.000" timestamp="2026-04-18T18:02:05"/>
	<testcase classname="test_register_project_tests.TestRegisterProject" name="test_tc_37" time="0.000" timestamp="2026-04-18T18:02:05"/>
	<testcase classname="test_register_project_tests.TestRegisterProject" name="test_tc_38" time="0.000" timestamp="2026-04-18T18:02:05"/>
	<testcase classname="test_register_project_tests.TestRegisterProject" name="test_tc_39" time="0.000" timestamp="2026-04-18T18:02:05"/>
	<testcase classname="test_register_project_tests.TestRegisterProject" name="test_tc_4" time="0.001" timestamp="2026-04-18T18:02:05"/>
	<testcase classname="test_register_project_tests.TestRegisterProject" name="test_tc_40" time="0.000" timestamp="2026-04-18T18:02:05"/>
	<testcase classname="test_register_project_tests.TestRegisterProject" name="test_tc_41" time="0.000" timestamp="2026-04-18T18:02:05"/>
	<testcase classname="test_register_project_tests.TestRegisterProject" name="test_tc_42" time="0.000" timestamp="2026-04-18T18:02:05"/>
	<testcase classname="test_register_project_tests.TestRegisterProject" name="test_tc_43" time="0.000" timestamp="2026-04-18T18:02:05"/>
	<testcase classname="test_register_project_tests.TestRegisterProject" name="test_tc_44" time="0.000" timestamp="2026-04-18T18:02:05"/>
	<testcase classname="test_register_project_tests.TestRegisterProject" name="test_tc_45" time="0.000" timestamp="2026-04-18T18:02:05"/>
	<testcase classname="test_register_project_tests.TestRegisterProject" name="test_tc_46" time="0.000" timestamp="2026-04-18T18:02:05"/>
	<testcase classname="test_register_project_tests.TestRegisterProject" name="test_tc_47" time="0.000" timestamp="2026-04-18T18:02:05"/>
	<testcase classname="test_register_project_tests.TestRegisterProject" name="test_tc_5" time="0.000" timestamp="2026-04-18T18:02:05"/>
	<testcase classname="test_register_project_tests.TestRegisterProject" name="test_tc_6" time="0.000" timestamp="2026-04-18T18:02:05"/>
	<testcase classname="test_register_project_tests.TestRegisterProject" name="test_tc_7" time="0.000" timestamp="2026-04-18T18:02:05"/>
	<testcase classname="test_register_project_tests.TestRegisterProject" name="test_tc_8" time="0.000" timestamp="2026-04-18T18:02:05"/>
	<testcase classname="test_register_project_tests.TestRegisterProject" name="test_tc_9" time="0.000" timestamp="2026-04-18T18:02:05"/>
	<testcase classname="test_register_project_tests.TestRegisterProject" name="test_tc_1" time="0.003" timestamp="2026-04-18T18:02:05">
		<error type="EnterpriseManagementException" message="Not implemented"><![CDATA[Traceback (most recent call last):
  File "/Library/Frameworks/Python.framework/Versions/3.13/lib/python3.13/unittest/case.py", line 58, in testPartExecutor
    yield
  File "/Library/Frameworks/Python.framework/Versions/3.13/lib/python3.13/unittest/case.py", line 651, in run
    self._callTestMethod(testMethod)
    
  File "/Library/Frameworks/Python.framework/Versions/3.13/lib/python3.13/unittest/case.py", line 606, in _callTestMethod
    if method() is not None:
    ^^^^^^^^^^^^^^^
  File "/Users/linusmunn/PycharmProjects/G87.2026.T15.GE2b/src/unittest/python/test_register_project_tests.py", line 41, in test_tc_1
    result = manager.register_document(
    ^^^^^^^^^^^^^^^
  File "/Users/linusmunn/PycharmProjects/G87.2026.T15.GE2b/src/main/python/uc3m_consulting/enterprise_manager.py", line 17, in register_document
    raise EnterpriseManagementException("Not implemented")
    ^^^^^^^^^^^^^^^
uc3m_consulting.enterprise_management_exception.EnterpriseManagementException: Not implemented
]]></error>
	</testcase>
	<testcase classname="test_register_project_tests.TestRegisterProject" name="test_tc_2" time="0.002" timestamp="2026-04-18T18:02:05">
		<error type="EnterpriseManagementException" message="Not implemented"><![CDATA[Traceback (most recent call last):
  File "/Library/Frameworks/Python.framework/Versions/3.13/lib/python3.13/unittest/case.py", line 58, in testPartExecutor
    yield
  File "/Library/Frameworks/Python.framework/Versions/3.13/lib/python3.13/unittest/case.py", line 651, in run
    self._callTestMethod(testMethod)
    
  File "/Library/Frameworks/Python.framework/Versions/3.13/lib/python3.13/unittest/case.py", line 606, in _callTestMethod
    if method() is not None:
    ^^^^^^^^^^^^^^^
  File "/Users/linusmunn/PycharmProjects/G87.2026.T15.GE2b/src/unittest/python/test_register_project_tests.py", line 51, in test_tc_2
    result = manager.register_document(
    ^^^^^^^^^^^^^^^
  File "/Users/linusmunn/PycharmProjects/G87.2026.T15.GE2b/src/main/python/uc3m_consulting/enterprise_manager.py", line 17, in register_document
    raise EnterpriseManagementException("Not implemented")
    ^^^^^^^^^^^^^^^
uc3m_consulting.enterprise_management_exception.EnterpriseManagementException: Not implemented
]]></error>
	</testcase>
	<testcase classname="test_register_project_tests.TestRegisterProject" name="test_tc_3" time="0.002" timestamp="2026-04-18T18:02:05">
		<error type="EnterpriseManagementException" message="Not implemented"><![CDATA[Traceback (most recent call last):
  File "/Library/Frameworks/Python.framework/Versions/3.13/lib/python3.13/unittest/case.py", line 58, in testPartExecutor
    yield
  File "/Library/Frameworks/Python.framework/Versions/3.13/lib/python3.13/unittest/case.py", line 651, in run
    self._callTestMethod(testMethod)
    
  File "/Library/Frameworks/Python.framework/Versions/3.13/lib/python3.13/unittest/case.py", line 606, in _callTestMethod
    if method() is not None:
    ^^^^^^^^^^^^^^^
  File "/Users/linusmunn/PycharmProjects/G87.2026.T15.GE2b/src/unittest/python/test_register_project_tests.py", line 61, in test_tc_3
    result = manager.register_document(
    ^^^^^^^^^^^^^^^
  File "/Users/linusmunn/PycharmProjects/G87.2026.T15.GE2b/src/main/python/uc3m_consulting/enterprise_manager.py", line 17, in register_document
    raise EnterpriseManagementException("Not implemented")
    ^^^^^^^^^^^^^^^
uc3m_consulting.enterprise_management_exception.EnterpriseManagementException: Not implemented
]]></error>
	</testcase>
</testsuite>
